INFO - Will load model ../Data/KGEmbedModel004.pkl.
INFO - 
--------- Loss ---------
INFO - Name : multiclass_nll
INFO - eta : 20
INFO - 
------ Regularizer -----
INFO - Name : LP
INFO - lambda : 1e-05
INFO - p : 3
INFO - 
------ Optimizer -----
INFO - Name : adam
INFO - lr : 0.0001
INFO - 
------ Initializer -----
INFO - Name : xavier
INFO - uniform : False
INFO - Will load model ../Data/KGEmbedModel004.pkl.
INFO - 
--------- Loss ---------
INFO - Name : multiclass_nll
INFO - eta : 20
INFO - 
------ Regularizer -----
INFO - Name : LP
INFO - lambda : 1e-05
INFO - p : 3
INFO - 
------ Optimizer -----
INFO - Name : adam
INFO - lr : 0.0001
INFO - 
------ Initializer -----
INFO - Name : xavier
INFO - uniform : False
INFO - Will load model ../Data/KGEmbedModel004.pkl.
INFO - 
--------- Loss ---------
INFO - Name : multiclass_nll
INFO - eta : 20
INFO - 
------ Regularizer -----
INFO - Name : LP
INFO - lambda : 1e-05
INFO - p : 3
INFO - 
------ Optimizer -----
INFO - Name : adam
INFO - lr : 0.0001
INFO - 
------ Initializer -----
INFO - Name : xavier
INFO - uniform : False
INFO - Will load model ../Data/KGEmbedModel004.pkl.
INFO - 
--------- Loss ---------
INFO - Name : multiclass_nll
INFO - eta : 20
INFO - 
------ Regularizer -----
INFO - Name : LP
INFO - lambda : 1e-05
INFO - p : 3
INFO - 
------ Optimizer -----
INFO - Name : adam
INFO - lr : 0.0001
INFO - 
------ Initializer -----
INFO - Name : xavier
INFO - uniform : False
INFO - Will load model ../Data/KGEmbedModel004.pkl.
INFO - 
--------- Loss ---------
INFO - Name : multiclass_nll
INFO - eta : 20
INFO - 
------ Regularizer -----
INFO - Name : LP
INFO - lambda : 1e-05
INFO - p : 3
INFO - 
------ Optimizer -----
INFO - Name : adam
INFO - lr : 0.0001
INFO - 
------ Initializer -----
INFO - Name : xavier
INFO - uniform : False
